Compilación iniciada a las 21/06/2012 12:17:14.
     1>Proyecto "C:\Users\Jose\Desktop\PRACTICAS G3D\Practica4\Practica4\Practica4.vcxproj" en el nodo 2 (build destinos).
     1>InitializeBuildStatus:
         Se creará "Debug\Practica4.unsuccessfulbuild" porque se especificó "AlwaysCreate".
       ClCompile:
         C:\Program Files (x86)\Microsoft Visual Studio 10.0\VC\bin\CL.exe /c /ZI /nologo /W3 /WX- /Od /Oy- /D WIN32 /D _DEBUG /D _CONSOLE /D _UNICODE /D UNICODE /Gm /EHsc /RTC1 /MDd /GS /fp:precise /Zc:wchar_t /Zc:forScope /Fo"Debug\\" /Fd"Debug\vc100.pdb" /Gd /TP /analyze- /errorReport:prompt main.cpp
         main.cpp
     1>c:\users\jose\desktop\practicas g3d\practica4\practica4\main.cpp(54): warning C4101: 'pointsleft' : variable local sin referencia
       ManifestResourceCompile:
         C:\Program Files (x86)\Microsoft SDKs\Windows\v7.0A\bin\rc.exe /nologo /fo"Debug\Practica4.exe.embed.manifest.res" Debug\Practica4_manifest.rc 
       Link:
         C:\Program Files (x86)\Microsoft Visual Studio 10.0\VC\bin\link.exe /ERRORREPORT:PROMPT /OUT:"C:\Users\Jose\Desktop\PRACTICAS G3D\Practica4\Debug\Practica4.exe" /INCREMENTAL /NOLOGO kernel32.lib user32.lib gdi32.lib winspool.lib comdlg32.lib advapi32.lib shell32.lib ole32.lib oleaut32.lib uuid.lib odbc32.lib odbccp32.lib /MANIFEST /ManifestFile:"Debug\Practica4.exe.intermediate.manifest" /MANIFESTUAC:"level='asInvoker' uiAccess='false'" /DEBUG /PDB:"C:\Users\Jose\Desktop\PRACTICAS G3D\Practica4\Debug\Practica4.pdb" /SUBSYSTEM:CONSOLE /TLBID:1 /DYNAMICBASE /NXCOMPAT /IMPLIB:"C:\Users\Jose\Desktop\PRACTICAS G3D\Practica4\Debug\Practica4.lib" /MACHINE:X86 Debug\Practica4.exe.embed.manifest.res
         Debug\main.obj
       Manifest:
         C:\Program Files (x86)\Microsoft SDKs\Windows\v7.0A\bin\mt.exe /nologo /verbose /out:"Debug\Practica4.exe.embed.manifest" /manifest Debug\Practica4.exe.intermediate.manifest
         Todas las salidas están actualizadas.
       LinkEmbedManifest:
         Todas las salidas están actualizadas.
         Practica4.vcxproj -> C:\Users\Jose\Desktop\PRACTICAS G3D\Practica4\Debug\Practica4.exe
       FinalizeBuildStatus:
         Se eliminará el archivo "Debug\Practica4.unsuccessfulbuild".
         Aplicando tarea Touch a "Debug\Practica4.lastbuildstate".
     1>Compilación del proyecto terminada "C:\Users\Jose\Desktop\PRACTICAS G3D\Practica4\Practica4\Practica4.vcxproj" (build destinos).

Compilación correcta.

Tiempo transcurrido 00:00:00.80
